<?xml version="1.0" encoding="UTF-8"?>
<testsuite name="com.panda.apink.springboot.web.IndexControllerTest" tests="1" skipped="0" failures="0" errors="0" timestamp="2020-03-21T19:01:56" hostname="user" time="0.497">
  <properties/>
  <testcase name="메인페이지_로딩" classname="com.panda.apink.springboot.web.IndexControllerTest" time="0.497"/>
  <system-out><![CDATA[2020-03-22 04:01:50.019  INFO 7664 --- [    Test worker] .b.t.c.SpringBootTestContextBootstrapper : Neither @ContextConfiguration nor @ContextHierarchy found for test class [com.panda.apink.springboot.web.IndexControllerTest], using SpringBootContextLoader
2020-03-22 04:01:50.022  INFO 7664 --- [    Test worker] o.s.t.c.support.AbstractContextLoader    : Could not detect default resource locations for test class [com.panda.apink.springboot.web.IndexControllerTest]: no resource found for suffixes {-context.xml, Context.groovy}.
2020-03-22 04:01:50.023  INFO 7664 --- [    Test worker] t.c.s.AnnotationConfigContextLoaderUtils : Could not detect default configuration classes for test class [com.panda.apink.springboot.web.IndexControllerTest]: IndexControllerTest does not declare any static, non-private, non-final, nested classes annotated with @Configuration.
2020-03-22 04:01:50.026  INFO 7664 --- [    Test worker] .b.t.c.SpringBootTestContextBootstrapper : Found @SpringBootConfiguration com.panda.apink.springboot.Application for test class com.panda.apink.springboot.web.IndexControllerTest
2020-03-22 04:01:50.029  INFO 7664 --- [    Test worker] .b.t.c.SpringBootTestContextBootstrapper : Loaded default TestExecutionListener class names from location [META-INF/spring.factories]: [org.springframework.security.test.context.support.WithSecurityContextTestExecutionListener, org.springframework.security.test.context.support.ReactorContextTestExecutionListener, org.springframework.boot.test.autoconfigure.restdocs.RestDocsTestExecutionListener, org.springframework.boot.test.autoconfigure.web.client.MockRestServiceServerResetTestExecutionListener, org.springframework.boot.test.autoconfigure.web.servlet.MockMvcPrintOnlyOnFailureTestExecutionListener, org.springframework.boot.test.autoconfigure.web.servlet.WebDriverTestExecutionListener, org.springframework.boot.test.mock.mockito.MockitoTestExecutionListener, org.springframework.boot.test.mock.mockito.ResetMocksTestExecutionListener, org.springframework.test.context.web.ServletTestExecutionListener, org.springframework.test.context.support.DirtiesContextBeforeModesTestExecutionListener, org.springframework.test.context.support.DependencyInjectionTestExecutionListener, org.springframework.test.context.support.DirtiesContextTestExecutionListener, org.springframework.test.context.transaction.TransactionalTestExecutionListener, org.springframework.test.context.jdbc.SqlScriptsTestExecutionListener]
2020-03-22 04:01:50.031  INFO 7664 --- [    Test worker] .b.t.c.SpringBootTestContextBootstrapper : Using TestExecutionListeners: [org.springframework.test.context.web.ServletTestExecutionListener@49d7e24a, org.springframework.test.context.support.DirtiesContextBeforeModesTestExecutionListener@3d8bfcec, org.springframework.boot.test.mock.mockito.MockitoTestExecutionListener@120e90d7, org.springframework.boot.test.autoconfigure.SpringBootDependencyInjectionTestExecutionListener@1abdcbe6, org.springframework.test.context.support.DirtiesContextTestExecutionListener@6c8eaf49, org.springframework.test.context.transaction.TransactionalTestExecutionListener@e0052a8, org.springframework.test.context.jdbc.SqlScriptsTestExecutionListener@686ee397, org.springframework.security.test.context.support.WithSecurityContextTestExecutionListener@1cf8f787, org.springframework.security.test.context.support.ReactorContextTestExecutionListener@515e7b6, org.springframework.boot.test.autoconfigure.restdocs.RestDocsTestExecutionListener@90c60ae, org.springframework.boot.test.autoconfigure.web.client.MockRestServiceServerResetTestExecutionListener@16615843, org.springframework.boot.test.autoconfigure.web.servlet.MockMvcPrintOnlyOnFailureTestExecutionListener@4dfec1c7, org.springframework.boot.test.autoconfigure.web.servlet.WebDriverTestExecutionListener@677cb799, org.springframework.boot.test.mock.mockito.ResetMocksTestExecutionListener@d9fb2c8]

  .   ____          _            __ _ _
 /\\ / ___'_ __ _ _(_)_ __  __ _ \ \ \ \
( ( )\___ | '_ | '_| | '_ \/ _` | \ \ \ \
 \\/  ___)| |_)| | | | | || (_| |  ) ) ) )
  '  |____| .__|_| |_|_| |_\__, | / / / /
 =========|_|==============|___/=/_/_/_/
 :: Spring Boot ::        (v2.1.7.RELEASE)

2020-03-22 04:01:50.166  INFO 7664 --- [    Test worker] c.p.a.s.web.IndexControllerTest          : Starting IndexControllerTest on user with PID 7664 (started by userPC in C:\Users\userPC\IdeaProjects\springwebservice)
2020-03-22 04:01:50.170  INFO 7664 --- [    Test worker] c.p.a.s.web.IndexControllerTest          : No active profile set, falling back to default profiles: default
2020-03-22 04:01:50.856  INFO 7664 --- [    Test worker] .s.d.r.c.RepositoryConfigurationDelegate : Bootstrapping Spring Data repositories in DEFAULT mode.
2020-03-22 04:01:50.956  INFO 7664 --- [    Test worker] .s.d.r.c.RepositoryConfigurationDelegate : Finished Spring Data repository scanning in 100ms. Found 2 repository interfaces.
2020-03-22 04:01:51.367  INFO 7664 --- [    Test worker] trationDelegate$BeanPostProcessorChecker : Bean 'org.springframework.transaction.annotation.ProxyTransactionManagementConfiguration' of type [org.springframework.transaction.annotation.ProxyTransactionManagementConfiguration$$EnhancerBySpringCGLIB$$b3c0c0c5] is not eligible for getting processed by all BeanPostProcessors (for example: not eligible for auto-proxying)
2020-03-22 04:01:52.004  INFO 7664 --- [    Test worker] o.s.b.w.embedded.tomcat.TomcatWebServer  : Tomcat initialized with port(s): 0 (http)
2020-03-22 04:01:52.083  INFO 7664 --- [    Test worker] o.apache.catalina.core.StandardService   : Starting service [Tomcat]
2020-03-22 04:01:52.084  INFO 7664 --- [    Test worker] org.apache.catalina.core.StandardEngine  : Starting Servlet engine: [Apache Tomcat/9.0.22]
2020-03-22 04:01:52.586  INFO 7664 --- [    Test worker] o.a.c.c.C.[Tomcat].[localhost].[/]       : Initializing Spring embedded WebApplicationContext
2020-03-22 04:01:52.586  INFO 7664 --- [    Test worker] o.s.web.context.ContextLoader            : Root WebApplicationContext: initialization completed in 2406 ms
2020-03-22 04:01:52.998  INFO 7664 --- [    Test worker] com.zaxxer.hikari.HikariDataSource       : HikariPool-2 - Starting...
2020-03-22 04:01:53.001  INFO 7664 --- [    Test worker] com.zaxxer.hikari.HikariDataSource       : HikariPool-2 - Start completed.
2020-03-22 04:01:53.137  INFO 7664 --- [    Test worker] o.hibernate.jpa.internal.util.LogHelper  : HHH000204: Processing PersistenceUnitInfo [
	name: default
	...]
2020-03-22 04:01:53.185  INFO 7664 --- [    Test worker] org.hibernate.dialect.Dialect            : HHH000400: Using dialect: org.hibernate.dialect.MySQL5InnoDBDialect
Hibernate: drop table if exists posts
Hibernate: drop table if exists user
Hibernate: create table posts (id bigint not null auto_increment, created_date datetime, modified_date datetime, author varchar(255), content TEXT not null, title varchar(500) not null, primary key (id)) engine=InnoDB
Hibernate: create table user (id bigint not null auto_increment, created_date datetime, modified_date datetime, email varchar(255) not null, name varchar(255) not null, picture varchar(255), role varchar(255) not null, primary key (id)) engine=InnoDB
2020-03-22 04:01:53.324  INFO 7664 --- [    Test worker] o.h.t.schema.internal.SchemaCreatorImpl  : HHH000476: Executing import script 'org.hibernate.tool.schema.internal.exec.ScriptSourceInputNonExistentImpl@62506704'
2020-03-22 04:01:53.325  INFO 7664 --- [    Test worker] j.LocalContainerEntityManagerFactoryBean : Initialized JPA EntityManagerFactory for persistence unit 'default'
2020-03-22 04:01:54.156  INFO 7664 --- [    Test worker] o.h.h.i.QueryTranslatorFactoryInitiator  : HHH000397: Using ASTQueryTranslatorFactory
2020-03-22 04:01:54.658  INFO 7664 --- [    Test worker] o.s.s.web.DefaultSecurityFilterChain     : Creating filter chain: any request, [org.springframework.security.web.context.request.async.WebAsyncManagerIntegrationFilter@34b34667, org.springframework.security.web.context.SecurityContextPersistenceFilter@284ac95, org.springframework.security.web.header.HeaderWriterFilter@4162d61f, org.springframework.security.web.authentication.logout.LogoutFilter@5c797e92, org.springframework.security.oauth2.client.web.OAuth2AuthorizationRequestRedirectFilter@6e2288fb, org.springframework.security.oauth2.client.web.OAuth2LoginAuthenticationFilter@6af7d10f, org.springframework.security.web.authentication.ui.DefaultLoginPageGeneratingFilter@7b3e9564, org.springframework.security.web.authentication.ui.DefaultLogoutPageGeneratingFilter@8eb60ac, org.springframework.security.web.savedrequest.RequestCacheAwareFilter@45a7317a, org.springframework.security.web.servletapi.SecurityContextHolderAwareRequestFilter@12a2d5ff, org.springframework.security.web.authentication.AnonymousAuthenticationFilter@7274441a, org.springframework.security.web.session.SessionManagementFilter@1a4e7778, org.springframework.security.web.access.ExceptionTranslationFilter@35ae5956, org.springframework.security.web.access.intercept.FilterSecurityInterceptor@3c800c99]
2020-03-22 04:01:55.214  INFO 7664 --- [    Test worker] o.s.s.concurrent.ThreadPoolTaskExecutor  : Initializing ExecutorService 'applicationTaskExecutor'
2020-03-22 04:01:55.254  WARN 7664 --- [    Test worker] aWebConfiguration$JpaWebMvcConfiguration : spring.jpa.open-in-view is enabled by default. Therefore, database queries may be performed during view rendering. Explicitly configure spring.jpa.open-in-view to disable this warning
2020-03-22 04:01:55.333  INFO 7664 --- [    Test worker] o.s.b.a.w.s.WelcomePageHandlerMapping    : Adding welcome page template: index
2020-03-22 04:01:56.101  INFO 7664 --- [    Test worker] s.a.ScheduledAnnotationBeanPostProcessor : No TaskScheduler/ScheduledExecutorService bean found for scheduled processing
2020-03-22 04:01:56.148  INFO 7664 --- [    Test worker] o.s.b.w.embedded.tomcat.TomcatWebServer  : Tomcat started on port(s): 59620 (http) with context path ''
2020-03-22 04:01:56.151  INFO 7664 --- [    Test worker] c.p.a.s.web.IndexControllerTest          : Started IndexControllerTest in 6.116 seconds (JVM running for 29.997)
2020-03-22 04:01:56.381  INFO 7664 --- [o-auto-1-exec-1] o.a.c.c.C.[Tomcat].[localhost].[/]       : Initializing Spring DispatcherServlet 'dispatcherServlet'
2020-03-22 04:01:56.381  INFO 7664 --- [o-auto-1-exec-1] o.s.web.servlet.DispatcherServlet        : Initializing Servlet 'dispatcherServlet'
2020-03-22 04:01:56.430  INFO 7664 --- [o-auto-1-exec-1] o.s.web.servlet.DispatcherServlet        : Completed initialization in 49 ms
Hibernate: select posts0_.id as id1_0_, posts0_.created_date as created_2_0_, posts0_.modified_date as modified3_0_, posts0_.author as author4_0_, posts0_.content as content5_0_, posts0_.title as title6_0_ from posts posts0_ order by posts0_.id DESC
]]></system-out>
  <system-err><![CDATA[]]></system-err>
</testsuite>
