<?xml version="1.0" encoding="UTF-8"?>
<testsuite name="com.panda.apink.springboot.web.IndexControllerTest" tests="1" skipped="0" failures="0" errors="0" timestamp="2020-03-20T17:42:32" hostname="user" time="0.413">
  <properties/>
  <testcase name="메인페이지_로딩" classname="com.panda.apink.springboot.web.IndexControllerTest" time="0.413"/>
  <system-out><![CDATA[2020-03-21 02:42:26.132  INFO 8680 --- [    Test worker] .b.t.c.SpringBootTestContextBootstrapper : Neither @ContextConfiguration nor @ContextHierarchy found for test class [com.panda.apink.springboot.web.IndexControllerTest], using SpringBootContextLoader
2020-03-21 02:42:26.141  INFO 8680 --- [    Test worker] o.s.t.c.support.AbstractContextLoader    : Could not detect default resource locations for test class [com.panda.apink.springboot.web.IndexControllerTest]: no resource found for suffixes {-context.xml, Context.groovy}.
2020-03-21 02:42:26.142  INFO 8680 --- [    Test worker] t.c.s.AnnotationConfigContextLoaderUtils : Could not detect default configuration classes for test class [com.panda.apink.springboot.web.IndexControllerTest]: IndexControllerTest does not declare any static, non-private, non-final, nested classes annotated with @Configuration.
2020-03-21 02:42:26.150  INFO 8680 --- [    Test worker] .b.t.c.SpringBootTestContextBootstrapper : Found @SpringBootConfiguration com.panda.apink.springboot.Application for test class com.panda.apink.springboot.web.IndexControllerTest
2020-03-21 02:42:26.155  INFO 8680 --- [    Test worker] .b.t.c.SpringBootTestContextBootstrapper : Loaded default TestExecutionListener class names from location [META-INF/spring.factories]: [org.springframework.security.test.context.support.WithSecurityContextTestExecutionListener, org.springframework.security.test.context.support.ReactorContextTestExecutionListener, org.springframework.boot.test.autoconfigure.restdocs.RestDocsTestExecutionListener, org.springframework.boot.test.autoconfigure.web.client.MockRestServiceServerResetTestExecutionListener, org.springframework.boot.test.autoconfigure.web.servlet.MockMvcPrintOnlyOnFailureTestExecutionListener, org.springframework.boot.test.autoconfigure.web.servlet.WebDriverTestExecutionListener, org.springframework.boot.test.mock.mockito.MockitoTestExecutionListener, org.springframework.boot.test.mock.mockito.ResetMocksTestExecutionListener, org.springframework.test.context.web.ServletTestExecutionListener, org.springframework.test.context.support.DirtiesContextBeforeModesTestExecutionListener, org.springframework.test.context.support.DependencyInjectionTestExecutionListener, org.springframework.test.context.support.DirtiesContextTestExecutionListener, org.springframework.test.context.transaction.TransactionalTestExecutionListener, org.springframework.test.context.jdbc.SqlScriptsTestExecutionListener]
2020-03-21 02:42:26.162  INFO 8680 --- [    Test worker] .b.t.c.SpringBootTestContextBootstrapper : Using TestExecutionListeners: [org.springframework.test.context.web.ServletTestExecutionListener@69248b8a, org.springframework.test.context.support.DirtiesContextBeforeModesTestExecutionListener@38a5e35f, org.springframework.boot.test.mock.mockito.MockitoTestExecutionListener@14fba7e3, org.springframework.boot.test.autoconfigure.SpringBootDependencyInjectionTestExecutionListener@6c8df060, org.springframework.test.context.support.DirtiesContextTestExecutionListener@21385ea0, org.springframework.test.context.transaction.TransactionalTestExecutionListener@3610eec3, org.springframework.test.context.jdbc.SqlScriptsTestExecutionListener@7f1d935d, org.springframework.security.test.context.support.WithSecurityContextTestExecutionListener@7c10722e, org.springframework.security.test.context.support.ReactorContextTestExecutionListener@1fbefe52, org.springframework.boot.test.autoconfigure.restdocs.RestDocsTestExecutionListener@2e697d90, org.springframework.boot.test.autoconfigure.web.client.MockRestServiceServerResetTestExecutionListener@3dfd847b, org.springframework.boot.test.autoconfigure.web.servlet.MockMvcPrintOnlyOnFailureTestExecutionListener@420300e8, org.springframework.boot.test.autoconfigure.web.servlet.WebDriverTestExecutionListener@2a272a94, org.springframework.boot.test.mock.mockito.ResetMocksTestExecutionListener@4fc757bd]

  .   ____          _            __ _ _
 /\\ / ___'_ __ _ _(_)_ __  __ _ \ \ \ \
( ( )\___ | '_ | '_| | '_ \/ _` | \ \ \ \
 \\/  ___)| |_)| | | | | || (_| |  ) ) ) )
  '  |____| .__|_| |_|_| |_\__, | / / / /
 =========|_|==============|___/=/_/_/_/
 :: Spring Boot ::        (v2.1.7.RELEASE)

2020-03-21 02:42:26.414  INFO 8680 --- [    Test worker] c.p.a.s.web.IndexControllerTest          : Starting IndexControllerTest on user with PID 8680 (started by userPC in C:\Users\userPC\IdeaProjects\springwebservice)
2020-03-21 02:42:26.426  INFO 8680 --- [    Test worker] c.p.a.s.web.IndexControllerTest          : No active profile set, falling back to default profiles: default
2020-03-21 02:42:27.264  INFO 8680 --- [    Test worker] .s.d.r.c.RepositoryConfigurationDelegate : Bootstrapping Spring Data repositories in DEFAULT mode.
2020-03-21 02:42:27.370  INFO 8680 --- [    Test worker] .s.d.r.c.RepositoryConfigurationDelegate : Finished Spring Data repository scanning in 106ms. Found 2 repository interfaces.
2020-03-21 02:42:27.646  INFO 8680 --- [    Test worker] trationDelegate$BeanPostProcessorChecker : Bean 'org.springframework.transaction.annotation.ProxyTransactionManagementConfiguration' of type [org.springframework.transaction.annotation.ProxyTransactionManagementConfiguration$$EnhancerBySpringCGLIB$$4b5bfb1e] is not eligible for getting processed by all BeanPostProcessors (for example: not eligible for auto-proxying)
2020-03-21 02:42:28.345  INFO 8680 --- [    Test worker] o.s.b.w.embedded.tomcat.TomcatWebServer  : Tomcat initialized with port(s): 0 (http)
2020-03-21 02:42:28.429  INFO 8680 --- [    Test worker] o.apache.catalina.core.StandardService   : Starting service [Tomcat]
2020-03-21 02:42:28.430  INFO 8680 --- [    Test worker] org.apache.catalina.core.StandardEngine  : Starting Servlet engine: [Apache Tomcat/9.0.22]
2020-03-21 02:42:28.917  INFO 8680 --- [    Test worker] o.a.c.c.C.[Tomcat].[localhost].[/]       : Initializing Spring embedded WebApplicationContext
2020-03-21 02:42:28.917  INFO 8680 --- [    Test worker] o.s.web.context.ContextLoader            : Root WebApplicationContext: initialization completed in 2483 ms
2020-03-21 02:42:29.355  INFO 8680 --- [    Test worker] com.zaxxer.hikari.HikariDataSource       : HikariPool-2 - Starting...
2020-03-21 02:42:29.359  INFO 8680 --- [    Test worker] com.zaxxer.hikari.HikariDataSource       : HikariPool-2 - Start completed.
2020-03-21 02:42:29.534  INFO 8680 --- [    Test worker] o.hibernate.jpa.internal.util.LogHelper  : HHH000204: Processing PersistenceUnitInfo [
	name: default
	...]
2020-03-21 02:42:29.588  INFO 8680 --- [    Test worker] org.hibernate.dialect.Dialect            : HHH000400: Using dialect: org.hibernate.dialect.MySQL5InnoDBDialect
Hibernate: drop table if exists posts
Hibernate: drop table if exists user
Hibernate: create table posts (id bigint not null auto_increment, created_date datetime, modified_date datetime, author varchar(255), content TEXT not null, title varchar(500) not null, primary key (id)) engine=InnoDB
Hibernate: create table user (id bigint not null auto_increment, created_date datetime, modified_date datetime, email varchar(255) not null, name varchar(255) not null, picture varchar(255), role varchar(255) not null, primary key (id)) engine=InnoDB
2020-03-21 02:42:29.751  INFO 8680 --- [    Test worker] o.h.t.schema.internal.SchemaCreatorImpl  : HHH000476: Executing import script 'org.hibernate.tool.schema.internal.exec.ScriptSourceInputNonExistentImpl@61db97cf'
2020-03-21 02:42:29.752  INFO 8680 --- [    Test worker] j.LocalContainerEntityManagerFactoryBean : Initialized JPA EntityManagerFactory for persistence unit 'default'
2020-03-21 02:42:30.683  INFO 8680 --- [    Test worker] o.h.h.i.QueryTranslatorFactoryInitiator  : HHH000397: Using ASTQueryTranslatorFactory
2020-03-21 02:42:31.171  INFO 8680 --- [    Test worker] o.s.s.web.DefaultSecurityFilterChain     : Creating filter chain: any request, [org.springframework.security.web.context.request.async.WebAsyncManagerIntegrationFilter@3cfc717, org.springframework.security.web.context.SecurityContextPersistenceFilter@1910f81d, org.springframework.security.web.header.HeaderWriterFilter@13c9b780, org.springframework.security.web.authentication.logout.LogoutFilter@58946d33, org.springframework.security.oauth2.client.web.OAuth2AuthorizationRequestRedirectFilter@3b73e173, org.springframework.security.oauth2.client.web.OAuth2LoginAuthenticationFilter@4cd50850, org.springframework.security.web.authentication.ui.DefaultLoginPageGeneratingFilter@465aa5f5, org.springframework.security.web.authentication.ui.DefaultLogoutPageGeneratingFilter@5219343c, org.springframework.security.web.savedrequest.RequestCacheAwareFilter@44bfc814, org.springframework.security.web.servletapi.SecurityContextHolderAwareRequestFilter@1a9412b4, org.springframework.security.web.authentication.AnonymousAuthenticationFilter@76452f75, org.springframework.security.web.session.SessionManagementFilter@60e79ea5, org.springframework.security.web.access.ExceptionTranslationFilter@35fd01fa, org.springframework.security.web.access.intercept.FilterSecurityInterceptor@4722c4a6]
2020-03-21 02:42:31.716  INFO 8680 --- [    Test worker] o.s.s.concurrent.ThreadPoolTaskExecutor  : Initializing ExecutorService 'applicationTaskExecutor'
2020-03-21 02:42:31.743  WARN 8680 --- [    Test worker] aWebConfiguration$JpaWebMvcConfiguration : spring.jpa.open-in-view is enabled by default. Therefore, database queries may be performed during view rendering. Explicitly configure spring.jpa.open-in-view to disable this warning
2020-03-21 02:42:31.813  INFO 8680 --- [    Test worker] o.s.b.a.w.s.WelcomePageHandlerMapping    : Adding welcome page template: index
2020-03-21 02:42:32.591  INFO 8680 --- [    Test worker] s.a.ScheduledAnnotationBeanPostProcessor : No TaskScheduler/ScheduledExecutorService bean found for scheduled processing
2020-03-21 02:42:32.632  INFO 8680 --- [    Test worker] o.s.b.w.embedded.tomcat.TomcatWebServer  : Tomcat started on port(s): 53861 (http) with context path ''
2020-03-21 02:42:32.634  INFO 8680 --- [    Test worker] c.p.a.s.web.IndexControllerTest          : Started IndexControllerTest in 6.466 seconds (JVM running for 30.989)
2020-03-21 02:42:32.842  INFO 8680 --- [o-auto-1-exec-1] o.a.c.c.C.[Tomcat].[localhost].[/]       : Initializing Spring DispatcherServlet 'dispatcherServlet'
2020-03-21 02:42:32.842  INFO 8680 --- [o-auto-1-exec-1] o.s.web.servlet.DispatcherServlet        : Initializing Servlet 'dispatcherServlet'
2020-03-21 02:42:32.873  INFO 8680 --- [o-auto-1-exec-1] o.s.web.servlet.DispatcherServlet        : Completed initialization in 31 ms
Hibernate: select posts0_.id as id1_0_, posts0_.created_date as created_2_0_, posts0_.modified_date as modified3_0_, posts0_.author as author4_0_, posts0_.content as content5_0_, posts0_.title as title6_0_ from posts posts0_ order by posts0_.id DESC
]]></system-out>
  <system-err><![CDATA[]]></system-err>
</testsuite>
