<?xml version="1.0" encoding="UTF-8"?>
<testsuite name="com.panda.apink.springboot.web.PostsApiControllerTest" tests="2" skipped="0" failures="0" errors="0" timestamp="2020-03-21T16:19:52" hostname="user" time="0.279">
  <properties/>
  <testcase name="Posts_등록된다" classname="com.panda.apink.springboot.web.PostsApiControllerTest" time="0.21"/>
  <testcase name="Posts_수정된다" classname="com.panda.apink.springboot.web.PostsApiControllerTest" time="0.068"/>
  <system-out><![CDATA[2020-03-22 01:19:52.516  INFO 9300 --- [    Test worker] .b.t.c.SpringBootTestContextBootstrapper : Neither @ContextConfiguration nor @ContextHierarchy found for test class [com.panda.apink.springboot.web.PostsApiControllerTest], using SpringBootContextLoader
2020-03-22 01:19:52.524  INFO 9300 --- [    Test worker] o.s.t.c.support.AbstractContextLoader    : Could not detect default resource locations for test class [com.panda.apink.springboot.web.PostsApiControllerTest]: no resource found for suffixes {-context.xml, Context.groovy}.
2020-03-22 01:19:52.526  INFO 9300 --- [    Test worker] t.c.s.AnnotationConfigContextLoaderUtils : Could not detect default configuration classes for test class [com.panda.apink.springboot.web.PostsApiControllerTest]: PostsApiControllerTest does not declare any static, non-private, non-final, nested classes annotated with @Configuration.
2020-03-22 01:19:52.542  INFO 9300 --- [    Test worker] .b.t.c.SpringBootTestContextBootstrapper : Found @SpringBootConfiguration com.panda.apink.springboot.Application for test class com.panda.apink.springboot.web.PostsApiControllerTest
2020-03-22 01:19:52.548  INFO 9300 --- [    Test worker] .b.t.c.SpringBootTestContextBootstrapper : Loaded default TestExecutionListener class names from location [META-INF/spring.factories]: [org.springframework.security.test.context.support.WithSecurityContextTestExecutionListener, org.springframework.security.test.context.support.ReactorContextTestExecutionListener, org.springframework.boot.test.autoconfigure.restdocs.RestDocsTestExecutionListener, org.springframework.boot.test.autoconfigure.web.client.MockRestServiceServerResetTestExecutionListener, org.springframework.boot.test.autoconfigure.web.servlet.MockMvcPrintOnlyOnFailureTestExecutionListener, org.springframework.boot.test.autoconfigure.web.servlet.WebDriverTestExecutionListener, org.springframework.boot.test.mock.mockito.MockitoTestExecutionListener, org.springframework.boot.test.mock.mockito.ResetMocksTestExecutionListener, org.springframework.test.context.web.ServletTestExecutionListener, org.springframework.test.context.support.DirtiesContextBeforeModesTestExecutionListener, org.springframework.test.context.support.DependencyInjectionTestExecutionListener, org.springframework.test.context.support.DirtiesContextTestExecutionListener, org.springframework.test.context.transaction.TransactionalTestExecutionListener, org.springframework.test.context.jdbc.SqlScriptsTestExecutionListener]
2020-03-22 01:19:52.552  INFO 9300 --- [    Test worker] .b.t.c.SpringBootTestContextBootstrapper : Using TestExecutionListeners: [org.springframework.test.context.web.ServletTestExecutionListener@1fa594b7, org.springframework.test.context.support.DirtiesContextBeforeModesTestExecutionListener@75fbfce, org.springframework.boot.test.mock.mockito.MockitoTestExecutionListener@2ae85251, org.springframework.boot.test.autoconfigure.SpringBootDependencyInjectionTestExecutionListener@2f1666ba, org.springframework.test.context.support.DirtiesContextTestExecutionListener@1c255fc3, org.springframework.test.context.transaction.TransactionalTestExecutionListener@667e2246, org.springframework.test.context.jdbc.SqlScriptsTestExecutionListener@eec8e02, org.springframework.security.test.context.support.WithSecurityContextTestExecutionListener@12d30ad3, org.springframework.security.test.context.support.ReactorContextTestExecutionListener@24be840d, org.springframework.boot.test.autoconfigure.restdocs.RestDocsTestExecutionListener@3345fece, org.springframework.boot.test.autoconfigure.web.client.MockRestServiceServerResetTestExecutionListener@5933ea3a, org.springframework.boot.test.autoconfigure.web.servlet.MockMvcPrintOnlyOnFailureTestExecutionListener@53bcf65d, org.springframework.boot.test.autoconfigure.web.servlet.WebDriverTestExecutionListener@3f28ecb, org.springframework.boot.test.mock.mockito.ResetMocksTestExecutionListener@1fdda3f5]
2020-03-22 01:19:52.583  INFO 9300 --- [    Test worker] o.a.c.c.C.[Tomcat].[localhost].[/]       : Initializing Spring TestDispatcherServlet ''
2020-03-22 01:19:52.593  INFO 9300 --- [    Test worker] o.s.t.web.servlet.TestDispatcherServlet  : Initializing Servlet ''
2020-03-22 01:19:52.601  INFO 9300 --- [    Test worker] o.s.t.web.servlet.TestDispatcherServlet  : Completed initialization in 6 ms
Hibernate: insert into posts (created_date, modified_date, author, content, title) values (?, ?, ?, ?, ?)
Hibernate: select posts0_.id as id1_0_, posts0_.created_date as created_2_0_, posts0_.modified_date as modified3_0_, posts0_.author as author4_0_, posts0_.content as content5_0_, posts0_.title as title6_0_ from posts posts0_
Hibernate: select posts0_.id as id1_0_, posts0_.created_date as created_2_0_, posts0_.modified_date as modified3_0_, posts0_.author as author4_0_, posts0_.content as content5_0_, posts0_.title as title6_0_ from posts posts0_
Hibernate: delete from posts where id=?
2020-03-22 01:19:52.792  INFO 9300 --- [    Test worker] o.a.c.c.C.[Tomcat].[localhost].[/]       : Initializing Spring TestDispatcherServlet ''
2020-03-22 01:19:52.792  INFO 9300 --- [    Test worker] o.s.t.web.servlet.TestDispatcherServlet  : Initializing Servlet ''
2020-03-22 01:19:52.798  INFO 9300 --- [    Test worker] o.s.t.web.servlet.TestDispatcherServlet  : Completed initialization in 6 ms
Hibernate: insert into posts (created_date, modified_date, author, content, title) values (?, ?, ?, ?, ?)
Hibernate: select posts0_.id as id1_0_0_, posts0_.created_date as created_2_0_0_, posts0_.modified_date as modified3_0_0_, posts0_.author as author4_0_0_, posts0_.content as content5_0_0_, posts0_.title as title6_0_0_ from posts posts0_ where posts0_.id=?
Hibernate: update posts set created_date=?, modified_date=?, author=?, content=?, title=? where id=?
Hibernate: select posts0_.id as id1_0_, posts0_.created_date as created_2_0_, posts0_.modified_date as modified3_0_, posts0_.author as author4_0_, posts0_.content as content5_0_, posts0_.title as title6_0_ from posts posts0_
Hibernate: select posts0_.id as id1_0_, posts0_.created_date as created_2_0_, posts0_.modified_date as modified3_0_, posts0_.author as author4_0_, posts0_.content as content5_0_, posts0_.title as title6_0_ from posts posts0_
Hibernate: delete from posts where id=?
]]></system-out>
  <system-err><![CDATA[]]></system-err>
</testsuite>
