<?xml version="1.0" encoding="UTF-8"?>
<testsuite name="com.panda.apink.springboot.web.HelloControllerTest" tests="2" skipped="0" failures="0" errors="0" timestamp="2020-03-15T06:35:46" hostname="user" time="0.484">
  <properties/>
  <testcase name="hello가_리턴된다" classname="com.panda.apink.springboot.web.HelloControllerTest" time="0.223"/>
  <testcase name="helloDto가_리턴된다" classname="com.panda.apink.springboot.web.HelloControllerTest" time="0.254"/>
  <system-out><![CDATA[2020-03-15 15:35:43.147  INFO 5768 --- [    Test worker] .b.t.a.w.s.WebMvcTestContextBootstrapper : Neither @ContextConfiguration nor @ContextHierarchy found for test class [com.panda.apink.springboot.web.HelloControllerTest], using SpringBootContextLoader
2020-03-15 15:35:43.150  INFO 5768 --- [    Test worker] o.s.t.c.support.AbstractContextLoader    : Could not detect default resource locations for test class [com.panda.apink.springboot.web.HelloControllerTest]: no resource found for suffixes {-context.xml, Context.groovy}.
2020-03-15 15:35:43.151  INFO 5768 --- [    Test worker] t.c.s.AnnotationConfigContextLoaderUtils : Could not detect default configuration classes for test class [com.panda.apink.springboot.web.HelloControllerTest]: HelloControllerTest does not declare any static, non-private, non-final, nested classes annotated with @Configuration.
2020-03-15 15:35:43.238  INFO 5768 --- [    Test worker] .b.t.c.SpringBootTestContextBootstrapper : Found @SpringBootConfiguration com.panda.apink.springboot.Application for test class com.panda.apink.springboot.web.HelloControllerTest
2020-03-15 15:35:43.240  INFO 5768 --- [    Test worker] .b.t.a.w.s.WebMvcTestContextBootstrapper : Loaded default TestExecutionListener class names from location [META-INF/spring.factories]: [org.springframework.security.test.context.support.WithSecurityContextTestExecutionListener, org.springframework.security.test.context.support.ReactorContextTestExecutionListener, org.springframework.boot.test.autoconfigure.restdocs.RestDocsTestExecutionListener, org.springframework.boot.test.autoconfigure.web.client.MockRestServiceServerResetTestExecutionListener, org.springframework.boot.test.autoconfigure.web.servlet.MockMvcPrintOnlyOnFailureTestExecutionListener, org.springframework.boot.test.autoconfigure.web.servlet.WebDriverTestExecutionListener, org.springframework.boot.test.mock.mockito.MockitoTestExecutionListener, org.springframework.boot.test.mock.mockito.ResetMocksTestExecutionListener, org.springframework.test.context.web.ServletTestExecutionListener, org.springframework.test.context.support.DirtiesContextBeforeModesTestExecutionListener, org.springframework.test.context.support.DependencyInjectionTestExecutionListener, org.springframework.test.context.support.DirtiesContextTestExecutionListener, org.springframework.test.context.transaction.TransactionalTestExecutionListener, org.springframework.test.context.jdbc.SqlScriptsTestExecutionListener]
2020-03-15 15:35:43.248  INFO 5768 --- [    Test worker] .b.t.a.w.s.WebMvcTestContextBootstrapper : Using TestExecutionListeners: [org.springframework.test.context.web.ServletTestExecutionListener@ae69a29, org.springframework.test.context.support.DirtiesContextBeforeModesTestExecutionListener@68c4e3c8, org.springframework.boot.test.mock.mockito.MockitoTestExecutionListener@7f4f1610, org.springframework.boot.test.autoconfigure.SpringBootDependencyInjectionTestExecutionListener@58bf7716, org.springframework.test.context.support.DirtiesContextTestExecutionListener@66b699fa, org.springframework.test.context.transaction.TransactionalTestExecutionListener@2923ec47, org.springframework.test.context.jdbc.SqlScriptsTestExecutionListener@2e5b80e5, org.springframework.security.test.context.support.WithSecurityContextTestExecutionListener@dff55ff, org.springframework.security.test.context.support.ReactorContextTestExecutionListener@5f5464f3, org.springframework.boot.test.autoconfigure.restdocs.RestDocsTestExecutionListener@6923ea8a, org.springframework.boot.test.autoconfigure.web.client.MockRestServiceServerResetTestExecutionListener@1b0d03e3, org.springframework.boot.test.autoconfigure.web.servlet.MockMvcPrintOnlyOnFailureTestExecutionListener@6caaedd0, org.springframework.boot.test.autoconfigure.web.servlet.WebDriverTestExecutionListener@10a56f4a, org.springframework.boot.test.mock.mockito.ResetMocksTestExecutionListener@6624a06e]

  .   ____          _            __ _ _
 /\\ / ___'_ __ _ _(_)_ __  __ _ \ \ \ \
( ( )\___ | '_ | '_| | '_ \/ _` | \ \ \ \
 \\/  ___)| |_)| | | | | || (_| |  ) ) ) )
  '  |____| .__|_| |_|_| |_\__, | / / / /
 =========|_|==============|___/=/_/_/_/
 :: Spring Boot ::        (v2.1.7.RELEASE)

2020-03-15 15:35:43.397  INFO 5768 --- [    Test worker] c.p.a.s.web.HelloControllerTest          : Starting HelloControllerTest on user with PID 5768 (started by userPC in C:\Users\userPC\IdeaProjects\springwebservice)
2020-03-15 15:35:43.403  INFO 5768 --- [    Test worker] c.p.a.s.web.HelloControllerTest          : No active profile set, falling back to default profiles: default
2020-03-15 15:35:44.695  INFO 5768 --- [    Test worker] o.s.s.concurrent.ThreadPoolTaskExecutor  : Initializing ExecutorService 'applicationTaskExecutor'
2020-03-15 15:35:44.778  INFO 5768 --- [    Test worker] o.s.b.a.w.s.WelcomePageHandlerMapping    : Adding welcome page template: index
2020-03-15 15:35:45.412  INFO 5768 --- [    Test worker] .s.s.UserDetailsServiceAutoConfiguration : 

Using generated security password: ccb98864-e0c6-4016-b836-84fbdbb83236

2020-03-15 15:35:45.927  INFO 5768 --- [    Test worker] o.s.s.web.DefaultSecurityFilterChain     : Creating filter chain: any request, [org.springframework.security.web.context.request.async.WebAsyncManagerIntegrationFilter@5a1d3838, org.springframework.security.web.context.SecurityContextPersistenceFilter@2c125bd3, org.springframework.security.web.header.HeaderWriterFilter@678bd58d, org.springframework.security.web.csrf.CsrfFilter@dcf9bb, org.springframework.security.web.authentication.logout.LogoutFilter@6f207f7f, org.springframework.security.web.authentication.UsernamePasswordAuthenticationFilter@72198a89, org.springframework.security.web.authentication.ui.DefaultLoginPageGeneratingFilter@7c439359, org.springframework.security.web.authentication.ui.DefaultLogoutPageGeneratingFilter@c0a0fcd, org.springframework.security.web.authentication.www.BasicAuthenticationFilter@170a02a5, org.springframework.security.web.savedrequest.RequestCacheAwareFilter@2a80e575, org.springframework.security.web.servletapi.SecurityContextHolderAwareRequestFilter@131e6a15, org.springframework.security.web.authentication.AnonymousAuthenticationFilter@4b522bc3, org.springframework.security.web.session.SessionManagementFilter@fdf9e6, org.springframework.security.web.access.ExceptionTranslationFilter@41a8f78b, org.springframework.security.web.access.intercept.FilterSecurityInterceptor@59c5b82e]
2020-03-15 15:35:46.054  INFO 5768 --- [    Test worker] o.s.b.t.m.w.SpringBootMockServletContext : Initializing Spring TestDispatcherServlet ''
2020-03-15 15:35:46.055  INFO 5768 --- [    Test worker] o.s.t.web.servlet.TestDispatcherServlet  : Initializing Servlet ''
2020-03-15 15:35:46.161  INFO 5768 --- [    Test worker] o.s.t.web.servlet.TestDispatcherServlet  : Completed initialization in 106 ms
2020-03-15 15:35:46.329  INFO 5768 --- [    Test worker] c.p.a.s.web.HelloControllerTest          : Started HelloControllerTest in 3.063 seconds (JVM running for 28.646)
]]></system-out>
  <system-err><![CDATA[]]></system-err>
</testsuite>
