<?xml version="1.0" encoding="UTF-8"?>
<testsuite name="com.panda.apink.springboot.web.IndexControllerTest" tests="1" skipped="0" failures="0" errors="0" timestamp="2020-03-21T16:19:43" hostname="user" time="0.998">
  <properties/>
  <testcase name="메인페이지_로딩" classname="com.panda.apink.springboot.web.IndexControllerTest" time="0.998"/>
  <system-out><![CDATA[01:19:24.003 [Test worker] DEBUG org.springframework.test.context.junit4.SpringJUnit4ClassRunner - SpringJUnit4ClassRunner constructor called with [class com.panda.apink.springboot.web.IndexControllerTest]
01:19:24.020 [Test worker] DEBUG org.springframework.test.context.BootstrapUtils - Instantiating CacheAwareContextLoaderDelegate from class [org.springframework.test.context.cache.DefaultCacheAwareContextLoaderDelegate]
01:19:24.044 [Test worker] DEBUG org.springframework.test.context.BootstrapUtils - Instantiating BootstrapContext using constructor [public org.springframework.test.context.support.DefaultBootstrapContext(java.lang.Class,org.springframework.test.context.CacheAwareContextLoaderDelegate)]
01:19:24.077 [Test worker] DEBUG org.springframework.test.context.BootstrapUtils - Instantiating TestContextBootstrapper for test class [com.panda.apink.springboot.web.IndexControllerTest] from class [org.springframework.boot.test.context.SpringBootTestContextBootstrapper]
01:19:24.112 [Test worker] INFO org.springframework.boot.test.context.SpringBootTestContextBootstrapper - Neither @ContextConfiguration nor @ContextHierarchy found for test class [com.panda.apink.springboot.web.IndexControllerTest], using SpringBootContextLoader
01:19:24.125 [Test worker] DEBUG org.springframework.test.context.support.AbstractContextLoader - Did not detect default resource location for test class [com.panda.apink.springboot.web.IndexControllerTest]: class path resource [com/panda/apink/springboot/web/IndexControllerTest-context.xml] does not exist
01:19:24.128 [Test worker] DEBUG org.springframework.test.context.support.AbstractContextLoader - Did not detect default resource location for test class [com.panda.apink.springboot.web.IndexControllerTest]: class path resource [com/panda/apink/springboot/web/IndexControllerTestContext.groovy] does not exist
01:19:24.128 [Test worker] INFO org.springframework.test.context.support.AbstractContextLoader - Could not detect default resource locations for test class [com.panda.apink.springboot.web.IndexControllerTest]: no resource found for suffixes {-context.xml, Context.groovy}.
01:19:24.130 [Test worker] INFO org.springframework.test.context.support.AnnotationConfigContextLoaderUtils - Could not detect default configuration classes for test class [com.panda.apink.springboot.web.IndexControllerTest]: IndexControllerTest does not declare any static, non-private, non-final, nested classes annotated with @Configuration.
01:19:24.280 [Test worker] DEBUG org.springframework.test.context.support.ActiveProfilesUtils - Could not find an 'annotation declaring class' for annotation type [org.springframework.test.context.ActiveProfiles] and class [com.panda.apink.springboot.web.IndexControllerTest]
01:19:24.545 [Test worker] DEBUG org.springframework.context.annotation.ClassPathScanningCandidateComponentProvider - Identified candidate component class: file [C:\Users\userPC\IdeaProjects\springwebservice\build\classes\java\main\com\panda\apink\springboot\Application.class]
01:19:24.548 [Test worker] INFO org.springframework.boot.test.context.SpringBootTestContextBootstrapper - Found @SpringBootConfiguration com.panda.apink.springboot.Application for test class com.panda.apink.springboot.web.IndexControllerTest
01:19:24.859 [Test worker] DEBUG org.springframework.boot.test.context.SpringBootTestContextBootstrapper - @TestExecutionListeners is not present for class [com.panda.apink.springboot.web.IndexControllerTest]: using defaults.
01:19:24.860 [Test worker] INFO org.springframework.boot.test.context.SpringBootTestContextBootstrapper - Loaded default TestExecutionListener class names from location [META-INF/spring.factories]: [org.springframework.security.test.context.support.WithSecurityContextTestExecutionListener, org.springframework.security.test.context.support.ReactorContextTestExecutionListener, org.springframework.boot.test.autoconfigure.restdocs.RestDocsTestExecutionListener, org.springframework.boot.test.autoconfigure.web.client.MockRestServiceServerResetTestExecutionListener, org.springframework.boot.test.autoconfigure.web.servlet.MockMvcPrintOnlyOnFailureTestExecutionListener, org.springframework.boot.test.autoconfigure.web.servlet.WebDriverTestExecutionListener, org.springframework.boot.test.mock.mockito.MockitoTestExecutionListener, org.springframework.boot.test.mock.mockito.ResetMocksTestExecutionListener, org.springframework.test.context.web.ServletTestExecutionListener, org.springframework.test.context.support.DirtiesContextBeforeModesTestExecutionListener, org.springframework.test.context.support.DependencyInjectionTestExecutionListener, org.springframework.test.context.support.DirtiesContextTestExecutionListener, org.springframework.test.context.transaction.TransactionalTestExecutionListener, org.springframework.test.context.jdbc.SqlScriptsTestExecutionListener]
01:19:24.912 [Test worker] INFO org.springframework.boot.test.context.SpringBootTestContextBootstrapper - Using TestExecutionListeners: [org.springframework.test.context.web.ServletTestExecutionListener@127f3857, org.springframework.test.context.support.DirtiesContextBeforeModesTestExecutionListener@480f0d4f, org.springframework.boot.test.mock.mockito.MockitoTestExecutionListener@48fe1e42, org.springframework.boot.test.autoconfigure.SpringBootDependencyInjectionTestExecutionListener@66572322, org.springframework.test.context.support.DirtiesContextTestExecutionListener@d81123f, org.springframework.test.context.transaction.TransactionalTestExecutionListener@3d5403b5, org.springframework.test.context.jdbc.SqlScriptsTestExecutionListener@5601653, org.springframework.security.test.context.support.WithSecurityContextTestExecutionListener@5af17bee, org.springframework.security.test.context.support.ReactorContextTestExecutionListener@5fe48a65, org.springframework.boot.test.autoconfigure.restdocs.RestDocsTestExecutionListener@42b06387, org.springframework.boot.test.autoconfigure.web.client.MockRestServiceServerResetTestExecutionListener@47e7370c, org.springframework.boot.test.autoconfigure.web.servlet.MockMvcPrintOnlyOnFailureTestExecutionListener@16180a15, org.springframework.boot.test.autoconfigure.web.servlet.WebDriverTestExecutionListener@6dd41d11, org.springframework.boot.test.mock.mockito.ResetMocksTestExecutionListener@2cb9e777]
01:19:24.919 [Test worker] DEBUG org.springframework.test.annotation.ProfileValueUtils - Retrieved @ProfileValueSourceConfiguration [null] for test class [com.panda.apink.springboot.web.IndexControllerTest]
01:19:24.921 [Test worker] DEBUG org.springframework.test.annotation.ProfileValueUtils - Retrieved ProfileValueSource type [class org.springframework.test.annotation.SystemProfileValueSource] for class [com.panda.apink.springboot.web.IndexControllerTest]
01:19:24.922 [Test worker] DEBUG org.springframework.test.annotation.ProfileValueUtils - Retrieved @ProfileValueSourceConfiguration [null] for test class [com.panda.apink.springboot.web.IndexControllerTest]
01:19:24.923 [Test worker] DEBUG org.springframework.test.annotation.ProfileValueUtils - Retrieved ProfileValueSource type [class org.springframework.test.annotation.SystemProfileValueSource] for class [com.panda.apink.springboot.web.IndexControllerTest]
01:19:24.936 [Test worker] DEBUG org.springframework.test.context.support.AbstractDirtiesContextTestExecutionListener - Before test class: context [DefaultTestContext@10cacbcf testClass = IndexControllerTest, testInstance = [null], testMethod = [null], testException = [null], mergedContextConfiguration = [WebMergedContextConfiguration@679b5b91 testClass = IndexControllerTest, locations = '{}', classes = '{class com.panda.apink.springboot.Application}', contextInitializerClasses = '[]', activeProfiles = '{}', propertySourceLocations = '{}', propertySourceProperties = '{org.springframework.boot.test.context.SpringBootTestContextBootstrapper=true, server.port=0}', contextCustomizers = set[org.springframework.boot.test.autoconfigure.properties.PropertyMappingContextCustomizer@0, org.springframework.boot.test.autoconfigure.web.servlet.WebDriverContextCustomizerFactory$Customizer@590cc07, org.springframework.boot.test.context.filter.ExcludeFilterContextCustomizer@446da297, org.springframework.boot.test.json.DuplicateJsonObjectContextCustomizerFactory$DuplicateJsonObjectContextCustomizer@44188f06, org.springframework.boot.test.mock.mockito.MockitoContextCustomizer@0, org.springframework.boot.test.web.client.TestRestTemplateContextCustomizer@b7fb6dd], resourceBasePath = 'src/main/webapp', contextLoader = 'org.springframework.boot.test.context.SpringBootContextLoader', parent = [null]], attributes = map['org.springframework.test.context.web.ServletTestExecutionListener.activateListener' -> false]], class annotated with @DirtiesContext [false] with mode [null].
01:19:24.937 [Test worker] DEBUG org.springframework.test.annotation.ProfileValueUtils - Retrieved @ProfileValueSourceConfiguration [null] for test class [com.panda.apink.springboot.web.IndexControllerTest]
01:19:24.937 [Test worker] DEBUG org.springframework.test.annotation.ProfileValueUtils - Retrieved ProfileValueSource type [class org.springframework.test.annotation.SystemProfileValueSource] for class [com.panda.apink.springboot.web.IndexControllerTest]
01:19:24.947 [Test worker] DEBUG org.springframework.test.context.support.DependencyInjectionTestExecutionListener - Performing dependency injection for test context [[DefaultTestContext@10cacbcf testClass = IndexControllerTest, testInstance = com.panda.apink.springboot.web.IndexControllerTest@5027d9ef, testMethod = [null], testException = [null], mergedContextConfiguration = [WebMergedContextConfiguration@679b5b91 testClass = IndexControllerTest, locations = '{}', classes = '{class com.panda.apink.springboot.Application}', contextInitializerClasses = '[]', activeProfiles = '{}', propertySourceLocations = '{}', propertySourceProperties = '{org.springframework.boot.test.context.SpringBootTestContextBootstrapper=true, server.port=0}', contextCustomizers = set[org.springframework.boot.test.autoconfigure.properties.PropertyMappingContextCustomizer@0, org.springframework.boot.test.autoconfigure.web.servlet.WebDriverContextCustomizerFactory$Customizer@590cc07, org.springframework.boot.test.context.filter.ExcludeFilterContextCustomizer@446da297, org.springframework.boot.test.json.DuplicateJsonObjectContextCustomizerFactory$DuplicateJsonObjectContextCustomizer@44188f06, org.springframework.boot.test.mock.mockito.MockitoContextCustomizer@0, org.springframework.boot.test.web.client.TestRestTemplateContextCustomizer@b7fb6dd], resourceBasePath = 'src/main/webapp', contextLoader = 'org.springframework.boot.test.context.SpringBootContextLoader', parent = [null]], attributes = map['org.springframework.test.context.web.ServletTestExecutionListener.activateListener' -> false]]].
01:19:24.994 [Test worker] DEBUG org.springframework.test.context.support.TestPropertySourceUtils - Adding inlined properties to environment: {spring.jmx.enabled=false, org.springframework.boot.test.context.SpringBootTestContextBootstrapper=true, server.port=0}

  .   ____          _            __ _ _
 /\\ / ___'_ __ _ _(_)_ __  __ _ \ \ \ \
( ( )\___ | '_ | '_| | '_ \/ _` | \ \ \ \
 \\/  ___)| |_)| | | | | || (_| |  ) ) ) )
  '  |____| .__|_| |_|_| |_\__, | / / / /
 =========|_|==============|___/=/_/_/_/
 :: Spring Boot ::        (v2.1.7.RELEASE)

2020-03-22 01:19:25.883  INFO 9300 --- [    Test worker] c.p.a.s.web.IndexControllerTest          : Starting IndexControllerTest on user with PID 9300 (started by userPC in C:\Users\userPC\IdeaProjects\springwebservice)
2020-03-22 01:19:25.886  INFO 9300 --- [    Test worker] c.p.a.s.web.IndexControllerTest          : No active profile set, falling back to default profiles: default
2020-03-22 01:19:28.735  INFO 9300 --- [    Test worker] .s.d.r.c.RepositoryConfigurationDelegate : Bootstrapping Spring Data repositories in DEFAULT mode.
2020-03-22 01:19:28.937  INFO 9300 --- [    Test worker] .s.d.r.c.RepositoryConfigurationDelegate : Finished Spring Data repository scanning in 185ms. Found 2 repository interfaces.
2020-03-22 01:19:30.312  INFO 9300 --- [    Test worker] trationDelegate$BeanPostProcessorChecker : Bean 'org.springframework.transaction.annotation.ProxyTransactionManagementConfiguration' of type [org.springframework.transaction.annotation.ProxyTransactionManagementConfiguration$$EnhancerBySpringCGLIB$$647eac31] is not eligible for getting processed by all BeanPostProcessors (for example: not eligible for auto-proxying)
2020-03-22 01:19:31.460  INFO 9300 --- [    Test worker] o.s.b.w.embedded.tomcat.TomcatWebServer  : Tomcat initialized with port(s): 0 (http)
2020-03-22 01:19:31.558  INFO 9300 --- [    Test worker] o.apache.catalina.core.StandardService   : Starting service [Tomcat]
2020-03-22 01:19:31.560  INFO 9300 --- [    Test worker] org.apache.catalina.core.StandardEngine  : Starting Servlet engine: [Apache Tomcat/9.0.22]
2020-03-22 01:19:32.030  INFO 9300 --- [    Test worker] o.a.c.c.C.[Tomcat].[localhost].[/]       : Initializing Spring embedded WebApplicationContext
2020-03-22 01:19:32.031  INFO 9300 --- [    Test worker] o.s.web.context.ContextLoader            : Root WebApplicationContext: initialization completed in 6086 ms
2020-03-22 01:19:33.166  INFO 9300 --- [    Test worker] com.zaxxer.hikari.HikariDataSource       : HikariPool-1 - Starting...
2020-03-22 01:19:33.640  INFO 9300 --- [    Test worker] com.zaxxer.hikari.HikariDataSource       : HikariPool-1 - Start completed.
2020-03-22 01:19:33.960  INFO 9300 --- [    Test worker] o.hibernate.jpa.internal.util.LogHelper  : HHH000204: Processing PersistenceUnitInfo [
	name: default
	...]
2020-03-22 01:19:34.224  INFO 9300 --- [    Test worker] org.hibernate.Version                    : HHH000412: Hibernate Core {5.3.10.Final}
2020-03-22 01:19:34.231  INFO 9300 --- [    Test worker] org.hibernate.cfg.Environment            : HHH000206: hibernate.properties not found
2020-03-22 01:19:34.770  INFO 9300 --- [    Test worker] o.hibernate.annotations.common.Version   : HCANN000001: Hibernate Commons Annotations {5.0.4.Final}
2020-03-22 01:19:35.415  INFO 9300 --- [    Test worker] org.hibernate.dialect.Dialect            : HHH000400: Using dialect: org.hibernate.dialect.MySQL5InnoDBDialect
Hibernate: drop table if exists posts
Hibernate: drop table if exists user
Hibernate: create table posts (id bigint not null auto_increment, created_date datetime, modified_date datetime, author varchar(255), content TEXT not null, title varchar(500) not null, primary key (id)) engine=InnoDB
Hibernate: create table user (id bigint not null auto_increment, created_date datetime, modified_date datetime, email varchar(255) not null, name varchar(255) not null, picture varchar(255), role varchar(255) not null, primary key (id)) engine=InnoDB
2020-03-22 01:19:37.132  INFO 9300 --- [    Test worker] o.h.t.schema.internal.SchemaCreatorImpl  : HHH000476: Executing import script 'org.hibernate.tool.schema.internal.exec.ScriptSourceInputNonExistentImpl@22d2d7ae'
2020-03-22 01:19:37.143  INFO 9300 --- [    Test worker] j.LocalContainerEntityManagerFactoryBean : Initialized JPA EntityManagerFactory for persistence unit 'default'
2020-03-22 01:19:39.114  INFO 9300 --- [    Test worker] o.h.h.i.QueryTranslatorFactoryInitiator  : HHH000397: Using ASTQueryTranslatorFactory
2020-03-22 01:19:40.456  INFO 9300 --- [    Test worker] o.s.s.web.DefaultSecurityFilterChain     : Creating filter chain: any request, [org.springframework.security.web.context.request.async.WebAsyncManagerIntegrationFilter@773270b2, org.springframework.security.web.context.SecurityContextPersistenceFilter@2d63d3ee, org.springframework.security.web.header.HeaderWriterFilter@404e5410, org.springframework.security.web.authentication.logout.LogoutFilter@395c258f, org.springframework.security.oauth2.client.web.OAuth2AuthorizationRequestRedirectFilter@739903a3, org.springframework.security.oauth2.client.web.OAuth2LoginAuthenticationFilter@61dfe39e, org.springframework.security.web.authentication.ui.DefaultLoginPageGeneratingFilter@1f496a4b, org.springframework.security.web.authentication.ui.DefaultLogoutPageGeneratingFilter@30018003, org.springframework.security.web.savedrequest.RequestCacheAwareFilter@1dfdbed9, org.springframework.security.web.servletapi.SecurityContextHolderAwareRequestFilter@197c5ec3, org.springframework.security.web.authentication.AnonymousAuthenticationFilter@16e45ee, org.springframework.security.web.session.SessionManagementFilter@4f1fa23e, org.springframework.security.web.access.ExceptionTranslationFilter@58deb6f3, org.springframework.security.web.access.intercept.FilterSecurityInterceptor@65eac695]
2020-03-22 01:19:41.517  INFO 9300 --- [    Test worker] o.s.s.concurrent.ThreadPoolTaskExecutor  : Initializing ExecutorService 'applicationTaskExecutor'
2020-03-22 01:19:41.669  WARN 9300 --- [    Test worker] aWebConfiguration$JpaWebMvcConfiguration : spring.jpa.open-in-view is enabled by default. Therefore, database queries may be performed during view rendering. Explicitly configure spring.jpa.open-in-view to disable this warning
2020-03-22 01:19:41.824  INFO 9300 --- [    Test worker] o.s.b.a.w.s.WelcomePageHandlerMapping    : Adding welcome page template: index
2020-03-22 01:19:42.971  INFO 9300 --- [    Test worker] s.a.ScheduledAnnotationBeanPostProcessor : No TaskScheduler/ScheduledExecutorService bean found for scheduled processing
2020-03-22 01:19:43.036  INFO 9300 --- [    Test worker] o.s.b.w.embedded.tomcat.TomcatWebServer  : Tomcat started on port(s): 57947 (http) with context path ''
2020-03-22 01:19:43.043  INFO 9300 --- [    Test worker] c.p.a.s.web.IndexControllerTest          : Started IndexControllerTest in 18.042 seconds (JVM running for 21.117)
2020-03-22 01:19:43.581  INFO 9300 --- [o-auto-1-exec-1] o.a.c.c.C.[Tomcat].[localhost].[/]       : Initializing Spring DispatcherServlet 'dispatcherServlet'
2020-03-22 01:19:43.581  INFO 9300 --- [o-auto-1-exec-1] o.s.web.servlet.DispatcherServlet        : Initializing Servlet 'dispatcherServlet'
2020-03-22 01:19:43.628  INFO 9300 --- [o-auto-1-exec-1] o.s.web.servlet.DispatcherServlet        : Completed initialization in 47 ms
Hibernate: select posts0_.id as id1_0_, posts0_.created_date as created_2_0_, posts0_.modified_date as modified3_0_, posts0_.author as author4_0_, posts0_.content as content5_0_, posts0_.title as title6_0_ from posts posts0_ order by posts0_.id DESC
]]></system-out>
  <system-err><![CDATA[]]></system-err>
</testsuite>
