<?xml version="1.0" encoding="UTF-8"?>
<testsuite name="com.panda.apink.springboot.web.PostsApiControllerTest" tests="2" skipped="0" failures="0" errors="0" timestamp="2020-03-21T19:01:56" hostname="user" time="0.225">
  <properties/>
  <testcase name="Posts_등록된다" classname="com.panda.apink.springboot.web.PostsApiControllerTest" time="0.157"/>
  <testcase name="Posts_수정된다" classname="com.panda.apink.springboot.web.PostsApiControllerTest" time="0.067"/>
  <system-out><![CDATA[2020-03-22 04:01:56.668  INFO 7664 --- [    Test worker] .b.t.c.SpringBootTestContextBootstrapper : Neither @ContextConfiguration nor @ContextHierarchy found for test class [com.panda.apink.springboot.web.PostsApiControllerTest], using SpringBootContextLoader
2020-03-22 04:01:56.672  INFO 7664 --- [    Test worker] o.s.t.c.support.AbstractContextLoader    : Could not detect default resource locations for test class [com.panda.apink.springboot.web.PostsApiControllerTest]: no resource found for suffixes {-context.xml, Context.groovy}.
2020-03-22 04:01:56.672  INFO 7664 --- [    Test worker] t.c.s.AnnotationConfigContextLoaderUtils : Could not detect default configuration classes for test class [com.panda.apink.springboot.web.PostsApiControllerTest]: PostsApiControllerTest does not declare any static, non-private, non-final, nested classes annotated with @Configuration.
2020-03-22 04:01:56.677  INFO 7664 --- [    Test worker] .b.t.c.SpringBootTestContextBootstrapper : Found @SpringBootConfiguration com.panda.apink.springboot.Application for test class com.panda.apink.springboot.web.PostsApiControllerTest
2020-03-22 04:01:56.681  INFO 7664 --- [    Test worker] .b.t.c.SpringBootTestContextBootstrapper : Loaded default TestExecutionListener class names from location [META-INF/spring.factories]: [org.springframework.security.test.context.support.WithSecurityContextTestExecutionListener, org.springframework.security.test.context.support.ReactorContextTestExecutionListener, org.springframework.boot.test.autoconfigure.restdocs.RestDocsTestExecutionListener, org.springframework.boot.test.autoconfigure.web.client.MockRestServiceServerResetTestExecutionListener, org.springframework.boot.test.autoconfigure.web.servlet.MockMvcPrintOnlyOnFailureTestExecutionListener, org.springframework.boot.test.autoconfigure.web.servlet.WebDriverTestExecutionListener, org.springframework.boot.test.mock.mockito.MockitoTestExecutionListener, org.springframework.boot.test.mock.mockito.ResetMocksTestExecutionListener, org.springframework.test.context.web.ServletTestExecutionListener, org.springframework.test.context.support.DirtiesContextBeforeModesTestExecutionListener, org.springframework.test.context.support.DependencyInjectionTestExecutionListener, org.springframework.test.context.support.DirtiesContextTestExecutionListener, org.springframework.test.context.transaction.TransactionalTestExecutionListener, org.springframework.test.context.jdbc.SqlScriptsTestExecutionListener]
2020-03-22 04:01:56.683  INFO 7664 --- [    Test worker] .b.t.c.SpringBootTestContextBootstrapper : Using TestExecutionListeners: [org.springframework.test.context.web.ServletTestExecutionListener@156fde58, org.springframework.test.context.support.DirtiesContextBeforeModesTestExecutionListener@6af495b3, org.springframework.boot.test.mock.mockito.MockitoTestExecutionListener@70b5a467, org.springframework.boot.test.autoconfigure.SpringBootDependencyInjectionTestExecutionListener@2b4e51b7, org.springframework.test.context.support.DirtiesContextTestExecutionListener@40b8d798, org.springframework.test.context.transaction.TransactionalTestExecutionListener@eaf8b31, org.springframework.test.context.jdbc.SqlScriptsTestExecutionListener@53e4801f, org.springframework.security.test.context.support.WithSecurityContextTestExecutionListener@a7eb03d, org.springframework.security.test.context.support.ReactorContextTestExecutionListener@cfcb2fd, org.springframework.boot.test.autoconfigure.restdocs.RestDocsTestExecutionListener@7e784650, org.springframework.boot.test.autoconfigure.web.client.MockRestServiceServerResetTestExecutionListener@96bd5f8, org.springframework.boot.test.autoconfigure.web.servlet.MockMvcPrintOnlyOnFailureTestExecutionListener@76eb63b0, org.springframework.boot.test.autoconfigure.web.servlet.WebDriverTestExecutionListener@1f694cca, org.springframework.boot.test.mock.mockito.ResetMocksTestExecutionListener@239fc3b1]
2020-03-22 04:01:56.702  INFO 7664 --- [    Test worker] o.a.c.c.C.[Tomcat].[localhost].[/]       : Initializing Spring TestDispatcherServlet ''
2020-03-22 04:01:56.703  INFO 7664 --- [    Test worker] o.s.t.web.servlet.TestDispatcherServlet  : Initializing Servlet ''
2020-03-22 04:01:56.707  INFO 7664 --- [    Test worker] o.s.t.web.servlet.TestDispatcherServlet  : Completed initialization in 4 ms
Hibernate: insert into posts (created_date, modified_date, author, content, title) values (?, ?, ?, ?, ?)
Hibernate: select posts0_.id as id1_0_, posts0_.created_date as created_2_0_, posts0_.modified_date as modified3_0_, posts0_.author as author4_0_, posts0_.content as content5_0_, posts0_.title as title6_0_ from posts posts0_
Hibernate: select posts0_.id as id1_0_, posts0_.created_date as created_2_0_, posts0_.modified_date as modified3_0_, posts0_.author as author4_0_, posts0_.content as content5_0_, posts0_.title as title6_0_ from posts posts0_
Hibernate: delete from posts where id=?
2020-03-22 04:01:56.853  INFO 7664 --- [    Test worker] o.a.c.c.C.[Tomcat].[localhost].[/]       : Initializing Spring TestDispatcherServlet ''
2020-03-22 04:01:56.853  INFO 7664 --- [    Test worker] o.s.t.web.servlet.TestDispatcherServlet  : Initializing Servlet ''
2020-03-22 04:01:56.858  INFO 7664 --- [    Test worker] o.s.t.web.servlet.TestDispatcherServlet  : Completed initialization in 5 ms
Hibernate: insert into posts (created_date, modified_date, author, content, title) values (?, ?, ?, ?, ?)
Hibernate: select posts0_.id as id1_0_0_, posts0_.created_date as created_2_0_0_, posts0_.modified_date as modified3_0_0_, posts0_.author as author4_0_0_, posts0_.content as content5_0_0_, posts0_.title as title6_0_0_ from posts posts0_ where posts0_.id=?
Hibernate: update posts set created_date=?, modified_date=?, author=?, content=?, title=? where id=?
Hibernate: select posts0_.id as id1_0_, posts0_.created_date as created_2_0_, posts0_.modified_date as modified3_0_, posts0_.author as author4_0_, posts0_.content as content5_0_, posts0_.title as title6_0_ from posts posts0_
Hibernate: select posts0_.id as id1_0_, posts0_.created_date as created_2_0_, posts0_.modified_date as modified3_0_, posts0_.author as author4_0_, posts0_.content as content5_0_, posts0_.title as title6_0_ from posts posts0_
Hibernate: delete from posts where id=?
]]></system-out>
  <system-err><![CDATA[]]></system-err>
</testsuite>
